# JRE version: OpenJDK Runtime Environment (21.0.8) (build 21.0.8+-14018985-b1038.68)
# Java VM: OpenJDK 64-Bit Server VM (21.0.8+-14018985-b1038.68, mixed mode, tiered, compressed oops, compressed class ptrs, g1 gc, windows-amd64)
GC Precious Log:
 CardTable entry size: 512
 Card Set container configuration: InlinePtr #cards 5 size 8 Array Of Cards #cards 12 size 40 Howl #buckets 4 coarsen threshold 1843 Howl Bitmap #cards 512 size 80 coarsen threshold 460 Card regions per heap region 1 cards per card region 2048
 CPUs: 8 total, 8 available
 Memory: 8069M
 Large Page Support: Disabled
 NUMA Support: Disabled
 Compressed Oops: Enabled (32-bit)
 Heap Region Size: 1M
 Heap Min Capacity: 8M
 Heap Initial Capacity: 128M
 Heap Max Capacity: 2G
 Pre-touch: Disabled
 Parallel Workers: 8
 Concurrent Workers: 2
 Concurrent Refinement Workers: 8
 Periodic GC: Disabled
Heap:
 garbage-first heap   total 68608K, used 51617K [0x0000000080000000, 0x0000000100000000)
  region size 1024K, 32 young (32768K), 5 survivors (5120K)
 Metaspace       used 35206K, committed 35968K, reserved 1114112K
  class space    used 4881K, committed 5248K, reserved 1048576K
GC Heap History (13 events):
Event: 2.249 GC heap before
{Heap before GC invocations=0 (full 0):
 garbage-first heap   total 131072K, used 22528K [0x0000000080000000, 0x0000000100000000)
  region size 1024K, 23 young (23552K), 0 survivors (0K)
 Metaspace       used 8101K, committed 8256K, reserved 1114112K
  class space    used 746K, committed 832K, reserved 1048576K
}
Event: 2.255 GC heap after
{Heap after GC invocations=1 (full 0):
 garbage-first heap   total 131072K, used 2815K [0x0000000080000000, 0x0000000100000000)
  region size 1024K, 3 young (3072K), 3 survivors (3072K)
 Metaspace       used 8101K, committed 8256K, reserved 1114112K
  class space    used 746K, committed 832K, reserved 1048576K
}
Event: 3.775 GC heap before
{Heap before GC invocations=1 (full 0):
 garbage-first heap   total 131072K, used 39679K [0x0000000080000000, 0x0000000100000000)
  region size 1024K, 37 young (37888K), 3 survivors (3072K)
 Metaspace       used 12351K, committed 12608K, reserved 1114112K
  class space    used 1349K, committed 1472K, reserved 1048576K
}
Event: 3.785 GC heap after
{Heap after GC invocations=2 (full 0):
 garbage-first heap   total 131072K, used 11030K [0x0000000080000000, 0x0000000100000000)
  region size 1024K, 5 young (5120K), 5 survivors (5120K)
 Metaspace       used 12351K, committed 12608K, reserved 1114112K
  class space    used 1349K, committed 1472K, reserved 1048576K
}
Event: 5.119 GC heap before
{Heap before GC invocations=2 (full 0):
 garbage-first heap   total 131072K, used 59158K [0x0000000080000000, 0x0000000100000000)
  region size 1024K, 50 young (51200K), 5 survivors (5120K)
 Metaspace       used 13266K, committed 13504K, reserved 1114112K
  class space    used 1519K, committed 1600K, reserved 1048576K
}
Event: 5.131 GC heap after
{Heap after GC invocations=3 (full 0):
 garbage-first heap   total 131072K, used 16942K [0x0000000080000000, 0x0000000100000000)
  region size 1024K, 5 young (5120K), 5 survivors (5120K)
 Metaspace       used 13266K, committed 13504K, reserved 1114112K
  class space    used 1519K, committed 1600K, reserved 1048576K
}
Event: 6.763 GC heap before
{Heap before GC invocations=3 (full 0):
 garbage-first heap   total 131072K, used 41518K [0x0000000080000000, 0x0000000100000000)
  region size 1024K, 31 young (31744K), 5 survivors (5120K)
 Metaspace       used 21192K, committed 21504K, reserved 1114112K
  class space    used 2536K, committed 2688K, reserved 1048576K
}
Event: 6.772 GC heap after
{Heap after GC invocations=4 (full 0):
 garbage-first heap   total 131072K, used 20312K [0x0000000080000000, 0x0000000100000000)
  region size 1024K, 8 young (8192K), 8 survivors (8192K)
 Metaspace       used 21192K, committed 21504K, reserved 1114112K
  class space    used 2536K, committed 2688K, reserved 1048576K
}
Event: 8.100 GC heap before
{Heap before GC invocations=5 (full 0):
 garbage-first heap   total 68608K, used 52056K [0x0000000080000000, 0x0000000100000000)
  region size 1024K, 40 young (40960K), 8 survivors (8192K)
 Metaspace       used 26990K, committed 27520K, reserved 1114112K
  class space    used 3435K, committed 3648K, reserved 1048576K
}
Event: 8.109 GC heap after
{Heap after GC invocations=6 (full 0):
 garbage-first heap   total 68608K, used 22008K [0x0000000080000000, 0x0000000100000000)
  region size 1024K, 2 young (2048K), 2 survivors (2048K)
 Metaspace       used 26990K, committed 27520K, reserved 1114112K
  class space    used 3435K, committed 3648K, reserved 1048576K
}
Event: 9.308 GC heap before
{Heap before GC invocations=6 (full 0):
 garbage-first heap   total 68608K, used 54776K [0x0000000080000000, 0x0000000100000000)
  region size 1024K, 34 young (34816K), 2 survivors (2048K)
 Metaspace       used 31286K, committed 31808K, reserved 1114112K
  class space    used 4212K, committed 4480K, reserved 1048576K
}
Event: 9.313 GC heap after
{Heap after GC invocations=7 (full 0):
 garbage-first heap   total 68608K, used 24529K [0x0000000080000000, 0x0000000100000000)
  region size 1024K, 4 young (4096K), 4 survivors (4096K)
 Metaspace       used 31286K, committed 31808K, reserved 1114112K
  class space    used 4212K, committed 4480K, reserved 1048576K
}
Event: 10.126 GC heap before
{Heap before GC invocations=7 (full 0):
 garbage-first heap   total 68608K, used 50129K [0x0000000080000000, 0x0000000100000000)
  region size 1024K, 31 young (31744K), 4 survivors (4096K)
 Metaspace       used 35206K, committed 35968K, reserved 1114112K
  class space    used 4881K, committed 5248K, reserved 1048576K
}

