# JRE version: OpenJDK Runtime Environment (21.0.8) (build 21.0.8+-14018985-b1038.68)
# Java VM: OpenJDK 64-Bit Server VM (21.0.8+-14018985-b1038.68, mixed mode, tiered, compressed oops, compressed class ptrs, g1 gc, windows-amd64)
GC Precious Log:
 CardTable entry size: 512
 Card Set container configuration: InlinePtr #cards 5 size 8 Array Of Cards #cards 12 size 40 Howl #buckets 4 coarsen threshold 1843 Howl Bitmap #cards 512 size 80 coarsen threshold 460 Card regions per heap region 1 cards per card region 2048
 CPUs: 8 total, 8 available
 Memory: 8069M
 Large Page Support: Disabled
 NUMA Support: Disabled
 Compressed Oops: Enabled (32-bit)
 Heap Region Size: 1M
 Heap Min Capacity: 8M
 Heap Initial Capacity: 128M
 Heap Max Capacity: 2G
 Pre-touch: Disabled
 Parallel Workers: 8
 Concurrent Workers: 2
 Concurrent Refinement Workers: 8
 Periodic GC: Disabled
Heap:
 garbage-first heap   total 366592K, used 353839K [0x0000000080000000, 0x0000000100000000)
  region size 1024K, 138 young (141312K), 8 survivors (8192K)
 Metaspace       used 158024K, committed 161984K, reserved 1245184K
  class space    used 21445K, committed 23296K, reserved 1048576K
GC Heap History (20 events):
Event: 772.747 GC heap after
{Heap after GC invocations=70 (full 0):
 garbage-first heap   total 239616K, used 158812K [0x0000000080000000, 0x0000000100000000)
  region size 1024K, 5 young (5120K), 5 survivors (5120K)
 Metaspace       used 131732K, committed 134016K, reserved 1179648K
  class space    used 17911K, committed 19008K, reserved 1048576K
}
Event: 1581.995 GC heap before
{Heap before GC invocations=71 (full 0):
 garbage-first heap   total 266240K, used 220252K [0x0000000080000000, 0x0000000100000000)
  region size 1024K, 65 young (66560K), 5 survivors (5120K)
 Metaspace       used 131940K, committed 134208K, reserved 1179648K
  class space    used 17916K, committed 19008K, reserved 1048576K
}
Event: 1582.072 GC heap after
{Heap after GC invocations=72 (full 0):
 garbage-first heap   total 266240K, used 162231K [0x0000000080000000, 0x0000000100000000)
  region size 1024K, 9 young (9216K), 9 survivors (9216K)
 Metaspace       used 131940K, committed 134208K, reserved 1179648K
  class space    used 17916K, committed 19008K, reserved 1048576K
}
Event: 1583.642 GC heap before
{Heap before GC invocations=72 (full 0):
 garbage-first heap   total 266240K, used 241079K [0x0000000080000000, 0x0000000100000000)
  region size 1024K, 87 young (89088K), 9 survivors (9216K)
 Metaspace       used 132227K, committed 134464K, reserved 1179648K
  class space    used 17920K, committed 19008K, reserved 1048576K
}
Event: 1583.743 GC heap after
{Heap after GC invocations=73 (full 0):
 garbage-first heap   total 267264K, used 162581K [0x0000000080000000, 0x0000000100000000)
  region size 1024K, 11 young (11264K), 11 survivors (11264K)
 Metaspace       used 132227K, committed 134464K, reserved 1179648K
  class space    used 17920K, committed 19008K, reserved 1048576K
}
Event: 1602.248 GC heap before
{Heap before GC invocations=73 (full 0):
 garbage-first heap   total 267264K, used 240405K [0x0000000080000000, 0x0000000100000000)
  region size 1024K, 88 young (90112K), 11 survivors (11264K)
 Metaspace       used 137043K, committed 139328K, reserved 1179648K
  class space    used 18610K, committed 19712K, reserved 1048576K
}
Event: 1602.289 GC heap after
{Heap after GC invocations=74 (full 0):
 garbage-first heap   total 321536K, used 170720K [0x0000000080000000, 0x0000000100000000)
  region size 1024K, 8 young (8192K), 8 survivors (8192K)
 Metaspace       used 137043K, committed 139328K, reserved 1179648K
  class space    used 18610K, committed 19712K, reserved 1048576K
}
Event: 1605.162 GC heap before
{Heap before GC invocations=75 (full 0):
 garbage-first heap   total 321536K, used 269024K [0x0000000080000000, 0x0000000100000000)
  region size 1024K, 109 young (111616K), 8 survivors (8192K)
 Metaspace       used 150488K, committed 152896K, reserved 1179648K
  class space    used 20751K, committed 21952K, reserved 1048576K
}
Event: 1605.180 GC heap after
{Heap after GC invocations=76 (full 0):
 garbage-first heap   total 321536K, used 169748K [0x0000000080000000, 0x0000000100000000)
  region size 1024K, 11 young (11264K), 11 survivors (11264K)
 Metaspace       used 150488K, committed 152896K, reserved 1179648K
  class space    used 20751K, committed 21952K, reserved 1048576K
}
Event: 1927.142 GC heap before
{Heap before GC invocations=76 (full 0):
 garbage-first heap   total 321536K, used 319252K [0x0000000080000000, 0x0000000100000000)
  region size 1024K, 129 young (132096K), 11 survivors (11264K)
 Metaspace       used 158908K, committed 161408K, reserved 1245184K
  class space    used 22085K, committed 23296K, reserved 1048576K
}
Event: 1927.406 GC heap after
{Heap after GC invocations=77 (full 0):
 garbage-first heap   total 336896K, used 161856K [0x0000000080000000, 0x0000000100000000)
  region size 1024K, 7 young (7168K), 7 survivors (7168K)
 Metaspace       used 158908K, committed 161408K, reserved 1245184K
  class space    used 22085K, committed 23296K, reserved 1048576K
}
Event: 1930.498 GC heap before
{Heap before GC invocations=77 (full 0):
 garbage-first heap   total 336896K, used 310336K [0x0000000080000000, 0x0000000100000000)
  region size 1024K, 153 young (156672K), 7 survivors (7168K)
 Metaspace       used 159301K, committed 161728K, reserved 1245184K
  class space    used 22094K, committed 23296K, reserved 1048576K
}
Event: 1930.562 GC heap after
{Heap after GC invocations=78 (full 0):
 garbage-first heap   total 336896K, used 176767K [0x0000000080000000, 0x0000000100000000)
  region size 1024K, 20 young (20480K), 20 survivors (20480K)
 Metaspace       used 159301K, committed 161728K, reserved 1245184K
  class space    used 22094K, committed 23296K, reserved 1048576K
}
Event: 2509.919 GC heap before
{Heap before GC invocations=79 (full 0):
 garbage-first heap   total 336896K, used 327295K [0x0000000080000000, 0x0000000100000000)
  region size 1024K, 139 young (142336K), 20 survivors (20480K)
 Metaspace       used 157272K, committed 161792K, reserved 1245184K
  class space    used 21443K, committed 23296K, reserved 1048576K
}
Event: 2510.070 GC heap after
{Heap after GC invocations=80 (full 0):
 garbage-first heap   total 356352K, used 183837K [0x0000000080000000, 0x0000000100000000)
  region size 1024K, 7 young (7168K), 7 survivors (7168K)
 Metaspace       used 157272K, committed 161792K, reserved 1245184K
  class space    used 21443K, committed 23296K, reserved 1048576K
}
Event: 2512.348 GC heap before
{Heap before GC invocations=80 (full 0):
 garbage-first heap   total 356352K, used 264733K [0x0000000080000000, 0x0000000100000000)
  region size 1024K, 86 young (88064K), 7 survivors (7168K)
 Metaspace       used 157532K, committed 161792K, reserved 1245184K
  class space    used 21444K, committed 23296K, reserved 1048576K
}
Event: 2512.381 GC heap after
{Heap after GC invocations=81 (full 0):
 garbage-first heap   total 356352K, used 190464K [0x0000000080000000, 0x0000000100000000)
  region size 1024K, 11 young (11264K), 11 survivors (11264K)
 Metaspace       used 157532K, committed 161792K, reserved 1245184K
  class space    used 21444K, committed 23296K, reserved 1048576K
}
Event: 2512.483 GC heap before
{Heap before GC invocations=81 (full 0):
 garbage-first heap   total 356352K, used 196608K [0x0000000080000000, 0x0000000100000000)
  region size 1024K, 17 young (17408K), 11 survivors (11264K)
 Metaspace       used 157539K, committed 161792K, reserved 1245184K
  class space    used 21444K, committed 23296K, reserved 1048576K
}
Event: 2512.518 GC heap after
{Heap after GC invocations=82 (full 0):
 garbage-first heap   total 356352K, used 191023K [0x0000000080000000, 0x0000000100000000)
  region size 1024K, 2 young (2048K), 2 survivors (2048K)
 Metaspace       used 157539K, committed 161792K, reserved 1245184K
  class space    used 21444K, committed 23296K, reserved 1048576K
}
Event: 2726.399 GC heap before
{Heap before GC invocations=82 (full 0):
 garbage-first heap   total 356352K, used 352815K [0x0000000080000000, 0x0000000100000000)
  region size 1024K, 132 young (135168K), 2 survivors (2048K)
 Metaspace       used 158024K, committed 161984K, reserved 1245184K
  class space    used 21445K, committed 23296K, reserved 1048576K
}

